<?xml version="1.0" encoding="UTF-8"?>
<testsuite name="testClean.E5SignUpTest" tests="1" skipped="0" failures="0" errors="0" timestamp="2022-03-10T11:39:37" hostname="SANTIAGO" time="14.823">
  <properties/>
  <testcase name="verifySignUp()" classname="testClean.E5SignUpTest" time="14.823"/>
  <system-out><![CDATA[]]></system-out>
  <system-err><![CDATA[SLF4J: Failed to load class "org.slf4j.impl.StaticLoggerBinder".
SLF4J: Defaulting to no-operation (NOP) logger implementation
SLF4J: See http://www.slf4j.org/codes.html#StaticLoggerBinder for further details.
Starting ChromeDriver 98.0.4758.102 (273bf7ac8c909cde36982d27f66f3c70846a3718-refs/branch-heads/4758@{#1151}) on port 52646
Only local connections are allowed.
Please see https://chromedriver.chromium.org/security-considerations for suggestions on keeping ChromeDriver safe.
ChromeDriver was started successfully.
[1646912379.247][WARNING]: This version of ChromeDriver has not been tested with Chrome version 99.
mar 10, 2022 7:39:39 A. M. org.openqa.selenium.remote.ProtocolHandshake createSession
INFORMACIÓN: Detected dialect: W3C
mar 10, 2022 7:39:39 A. M. org.openqa.selenium.devtools.CdpVersionFinder findNearestMatch
ADVERTENCIA: Unable to find an exact match for CDP version 99, so returning the closest version found: 97
mar 10, 2022 7:39:39 A. M. org.openqa.selenium.devtools.CdpVersionFinder findNearestMatch
INFORMACIÓN: Found CDP implementation for version 99 of 97
]]></system-err>
</testsuite>
